Stack:
86
66
28
10
56
58
84
28
0
42
20
100
56
80
94
0
44
46
24
48
52
66
32
84
68
34
62
60
94
16
6
42
98
4
54
40
2
100
64
94
64
80
66
32
0
80
34
48
76
88
8
68
40
68
70
24
82
16
8
62
52
80
56
86
6
40
70
100
56
10
68
80
66
96
16
48
36
2
100
22
22
36
18
88
90
52
0
0
74
32
18
50
18
64
60
12
54
14
80
78
60
64
26
76
58
42
36
76
70
20
78
94
38
66
32
34
86
42
58
90
22
86
80
100
74
0
42
14
58
46
62
38
86
80
24
70
18
72
34
46
86
74
12
12
46
12
72
60
30
52
54
2
36
10
0
14
88
90
12
94
92
30
96
30
62
74
80
10
10
88
22
54
48
56
48
16
38
76
20
34
76
38
66
12
4
10
54
2
66
80
40
38
74
96
74
92
32
58
30
32
28
30
20
10
82
46
4
24
38
66
42
92
64
36
74
58
88
78
86
92
72
0
36
44
36
0
22
20
62
12
58
56
14
10
72
98
26
48
76
86
18
34
54
52
24
80
44
36
16
90
80
80
36
14
42
22
24
54
94
44
28
64
92
32
90
58
96
68
2
24
48
12
92
20
90
50
76
4
40
66
92
54
40
58
30
96
40
8
78
20
62
76
64
6
68
16
22
20
62
4
54
48
40
12
72
58
80
6
56
52
98
42
66
54
78
66
60
10
72
70
86
96
2
22
94
50
6
44
82
38
80
34
100
74
12
84
90
76
76
12
22
86
96
24
0
10
76
86
88
70
8
50
94
54
92
48
96
6
8
98
68
20
54
92
26
26
78
90
98
88
70
70
24
100
50
18
90
32
34
92
52
44
94
48
38
76
80
82
70
20
44
84
26
36
94
42
30
48
54
10
60
30
46
32
96
72
62
68
64
10
10
12
6
58
72
36
12
56
72
76
22
6
44
72
50
52
86
92
14
32
32
76
32
64
32
66
50
24
54
100
64
78
30
18
38
72
70
18
72
86
54
52
48
6
16
14
8
90
14
40
18
58
36
86
90
34
0
16
58
96
86
4
96
12
0
4
96
64
0
28
14
52
34
56
42
32
